<?xml version="1.0" encoding="UTF-8"?>
<!-- Generated by org.testng.reporters.JUnitXMLReporter -->
<testsuite ignored="0" hostname="DESKTOP-G2TDKN0" failures="0" tests="3" name="Default test" time="26.955" errors="0" timestamp="2023-09-20T11:29:33 IST">
  <testcase classname="org.login.EdgeTestingClass" name="initBrowser" time="19.427"/>
  <testcase classname="org.login.EdgeTestingClass" name="LoginData" time="4.217"/>
  <testcase classname="org.login.EdgeTestingClass" name="FindPhone" time="3.132"/>
</testsuite> <!-- Default test -->
