<?xml version="1.0" encoding="UTF-8"?>
<testng-results ignored="0" total="3" passed="3" failed="0" skipped="0">
  <reporter-output>
  </reporter-output>
  <suite started-at="2023-09-20T11:29:06 IST" name="Default suite" finished-at="2023-09-20T11:29:33 IST" duration-ms="26955">
    <groups>
    </groups>
    <test started-at="2023-09-20T11:29:06 IST" name="Default test" finished-at="2023-09-20T11:29:33 IST" duration-ms="26955">
      <class name="org.login.EdgeTestingClass">
        <test-method signature="initBrowser()[pri:1, instance:org.login.EdgeTestingClass@6f53b8a]" started-at="2023-09-20T11:29:06 IST" name="initBrowser" finished-at="2023-09-20T11:29:26 IST" duration-ms="19427" status="PASS">
          <reporter-output>
          </reporter-output>
        </test-method> <!-- initBrowser -->
        <test-method signature="LoginData()[pri:2, instance:org.login.EdgeTestingClass@6f53b8a]" started-at="2023-09-20T11:29:26 IST" name="LoginData" finished-at="2023-09-20T11:29:30 IST" duration-ms="4217" status="PASS">
          <reporter-output>
          </reporter-output>
        </test-method> <!-- LoginData -->
        <test-method signature="FindPhone()[pri:3, instance:org.login.EdgeTestingClass@6f53b8a]" started-at="2023-09-20T11:29:30 IST" name="FindPhone" finished-at="2023-09-20T11:29:33 IST" duration-ms="3132" status="PASS">
          <reporter-output>
          </reporter-output>
        </test-method> <!-- FindPhone -->
      </class> <!-- org.login.EdgeTestingClass -->
    </test> <!-- Default test -->
  </suite> <!-- Default suite -->
</testng-results>
